[0.452s] DEBUG:colcon:Command line arguments: ['/usr/bin/colcon', 'build']
[0.452s] DEBUG:colcon:Parsed command line arguments: Namespace(log_base=None, log_level=None, verb_name='build', build_base='build', install_base='install', merge_install=False, symlink_install=False, test_result_base=None, continue_on_error=False, executor='parallel', parallel_workers=20, event_handlers=None, ignore_user_meta=False, metas=['./colcon.meta'], base_paths=['.'], packages_ignore=None, packages_ignore_regex=None, paths=None, packages_up_to=None, packages_up_to_regex=None, packages_above=None, packages_above_and_dependencies=None, packages_above_depth=None, packages_select_by_dep=None, packages_skip_by_dep=None, packages_skip_up_to=None, packages_select_build_failed=False, packages_skip_build_finished=False, packages_select_test_failures=False, packages_skip_test_passed=False, packages_select=None, packages_skip=None, packages_select_regex=None, packages_skip_regex=None, packages_start=None, packages_end=None, allow_overriding=[], cmake_args=None, cmake_target=None, cmake_target_skip_unavailable=False, cmake_clean_cache=False, cmake_clean_first=False, cmake_force_configure=False, ament_cmake_args=None, catkin_cmake_args=None, catkin_skip_building_tests=False, verb_parser=<colcon_defaults.argument_parser.defaults.DefaultArgumentsDecorator object at 0x7feea4c68880>, verb_extension=<colcon_core.verb.build.BuildVerb object at 0x7feea4c68fd0>, main=<bound method BuildVerb.main of <colcon_core.verb.build.BuildVerb object at 0x7feea4c68fd0>>)
[0.477s] Level 1:colcon.colcon_core.package_discovery:discover_packages(colcon_meta) check parameters
[0.477s] Level 1:colcon.colcon_core.package_discovery:discover_packages(recursive) check parameters
[0.477s] Level 1:colcon.colcon_core.package_discovery:discover_packages(ignore) check parameters
[0.477s] Level 1:colcon.colcon_core.package_discovery:discover_packages(path) check parameters
[0.477s] Level 1:colcon.colcon_core.package_discovery:discover_packages(colcon_meta) discover
[0.477s] Level 1:colcon.colcon_core.package_discovery:discover_packages(recursive) discover
[0.477s] INFO:colcon.colcon_core.package_discovery:Crawling recursively for packages in '/home/autol/Lidar_Ros_Driver/autol_ros_driver_Release/autol_driver'
[0.477s] Level 1:colcon.colcon_core.package_identification:_identify(.) by extensions ['ignore', 'ignore_ament_install']
[0.477s] Level 1:colcon.colcon_core.package_identification:_identify(.) by extension 'ignore'
[0.477s] Level 1:colcon.colcon_core.package_identification:_identify(.) by extension 'ignore_ament_install'
[0.477s] Level 1:colcon.colcon_core.package_identification:_identify(.) by extensions ['colcon_pkg']
[0.477s] Level 1:colcon.colcon_core.package_identification:_identify(.) by extension 'colcon_pkg'
[0.477s] Level 1:colcon.colcon_core.package_identification:_identify(.) by extensions ['colcon_meta']
[0.477s] Level 1:colcon.colcon_core.package_identification:_identify(.) by extension 'colcon_meta'
[0.477s] Level 1:colcon.colcon_core.package_identification:_identify(.) by extensions ['ros']
[0.477s] Level 1:colcon.colcon_core.package_identification:_identify(.) by extension 'ros'
[0.485s] DEBUG:colcon.colcon_core.package_identification:Package '.' with type 'ros.ament_cmake' and name 'autol_driver'
[0.485s] Level 1:colcon.colcon_core.package_discovery:discover_packages(recursive) using defaults
[0.485s] Level 1:colcon.colcon_core.package_discovery:discover_packages(ignore) discover
[0.485s] Level 1:colcon.colcon_core.package_discovery:discover_packages(ignore) using defaults
[0.485s] Level 1:colcon.colcon_core.package_discovery:discover_packages(path) discover
[0.485s] Level 1:colcon.colcon_core.package_discovery:discover_packages(path) using defaults
[0.530s] Level 1:colcon.colcon_core.package_discovery:discover_packages(prefix_path) check parameters
[0.530s] Level 1:colcon.colcon_core.package_discovery:discover_packages(prefix_path) discover
[0.544s] DEBUG:colcon.colcon_installed_package_information.package_discovery:Found 279 installed packages in /opt/ros/humble
[0.544s] Level 1:colcon.colcon_core.package_discovery:discover_packages(prefix_path) using defaults
[0.598s] Level 5:colcon.colcon_core.verb:set package 'autol_driver' build argument 'cmake_args' from command line to 'None'
[0.598s] Level 5:colcon.colcon_core.verb:set package 'autol_driver' build argument 'cmake_target' from command line to 'None'
[0.598s] Level 5:colcon.colcon_core.verb:set package 'autol_driver' build argument 'cmake_target_skip_unavailable' from command line to 'False'
[0.598s] Level 5:colcon.colcon_core.verb:set package 'autol_driver' build argument 'cmake_clean_cache' from command line to 'False'
[0.598s] Level 5:colcon.colcon_core.verb:set package 'autol_driver' build argument 'cmake_clean_first' from command line to 'False'
[0.598s] Level 5:colcon.colcon_core.verb:set package 'autol_driver' build argument 'cmake_force_configure' from command line to 'False'
[0.598s] Level 5:colcon.colcon_core.verb:set package 'autol_driver' build argument 'ament_cmake_args' from command line to 'None'
[0.598s] Level 5:colcon.colcon_core.verb:set package 'autol_driver' build argument 'catkin_cmake_args' from command line to 'None'
[0.598s] Level 5:colcon.colcon_core.verb:set package 'autol_driver' build argument 'catkin_skip_building_tests' from command line to 'False'
[0.598s] DEBUG:colcon.colcon_core.verb:Building package 'autol_driver' with the following arguments: {'ament_cmake_args': None, 'build_base': '/home/autol/Lidar_Ros_Driver/autol_ros_driver_Release/autol_driver/build/autol_driver', 'catkin_cmake_args': None, 'catkin_skip_building_tests': False, 'cmake_args': None, 'cmake_clean_cache': False, 'cmake_clean_first': False, 'cmake_force_configure': False, 'cmake_target': None, 'cmake_target_skip_unavailable': False, 'install_base': '/home/autol/Lidar_Ros_Driver/autol_ros_driver_Release/autol_driver/install/autol_driver', 'merge_install': False, 'path': '/home/autol/Lidar_Ros_Driver/autol_ros_driver_Release/autol_driver', 'symlink_install': False, 'test_result_base': None}
[0.605s] INFO:colcon.colcon_core.executor:Executing jobs using 'parallel' executor
[0.613s] DEBUG:colcon.colcon_parallel_executor.executor.parallel:run_until_complete
[0.614s] INFO:colcon.colcon_ros.task.ament_cmake.build:Building ROS package in '/home/autol/Lidar_Ros_Driver/autol_ros_driver_Release/autol_driver' with build type 'ament_cmake'
[0.614s] INFO:colcon.colcon_cmake.task.cmake.build:Building CMake package in '/home/autol/Lidar_Ros_Driver/autol_ros_driver_Release/autol_driver'
[0.622s] INFO:colcon.colcon_core.plugin_system:Skipping extension 'colcon_core.shell.bat': Not used on non-Windows systems
[0.622s] INFO:colcon.colcon_core.shell:Skip shell extension 'powershell' for command environment: Not usable outside of PowerShell
[0.622s] DEBUG:colcon.colcon_core.shell:Skip shell extension 'dsv' for command environment
[0.639s] DEBUG:colcon.colcon_core.event_handler.log_command:Invoking command in '/home/autol/Lidar_Ros_Driver/autol_ros_driver_Release/autol_driver/build/autol_driver': CMAKE_PREFIX_PATH=/opt/ros/humble /usr/local/bin/cmake /home/autol/Lidar_Ros_Driver/autol_ros_driver_Release/autol_driver -DCMAKE_INSTALL_PREFIX=/home/autol/Lidar_Ros_Driver/autol_ros_driver_Release/autol_driver/install/autol_driver
[4.943s] DEBUG:colcon.colcon_core.event_handler.log_command:Invoked command in '/home/autol/Lidar_Ros_Driver/autol_ros_driver_Release/autol_driver/build/autol_driver' returned '1': CMAKE_PREFIX_PATH=/opt/ros/humble /usr/local/bin/cmake /home/autol/Lidar_Ros_Driver/autol_ros_driver_Release/autol_driver -DCMAKE_INSTALL_PREFIX=/home/autol/Lidar_Ros_Driver/autol_ros_driver_Release/autol_driver/install/autol_driver
[4.949s] Level 1:colcon.colcon_core.environment:create_environment_scripts_only(autol_driver)
[4.957s] Level 1:colcon.colcon_core.environment:checking '/home/autol/Lidar_Ros_Driver/autol_ros_driver_Release/autol_driver/install/autol_driver' for CMake module files
[4.958s] Level 1:colcon.colcon_core.environment:checking '/home/autol/Lidar_Ros_Driver/autol_ros_driver_Release/autol_driver/install/autol_driver' for CMake config files
[4.958s] Level 1:colcon.colcon_core.environment:checking '/home/autol/Lidar_Ros_Driver/autol_ros_driver_Release/autol_driver/install/autol_driver/bin'
[4.958s] Level 1:colcon.colcon_core.environment:checking '/home/autol/Lidar_Ros_Driver/autol_ros_driver_Release/autol_driver/install/autol_driver/lib/pkgconfig/autol_driver.pc'
[4.958s] Level 1:colcon.colcon_core.environment:checking '/home/autol/Lidar_Ros_Driver/autol_ros_driver_Release/autol_driver/install/autol_driver/lib/python3.10/site-packages'
[4.958s] Level 1:colcon.colcon_core.environment:checking '/home/autol/Lidar_Ros_Driver/autol_ros_driver_Release/autol_driver/install/autol_driver/bin'
[4.965s] INFO:colcon.colcon_core.shell:Creating package script '/home/autol/Lidar_Ros_Driver/autol_ros_driver_Release/autol_driver/install/autol_driver/share/autol_driver/package.ps1'
[4.965s] INFO:colcon.colcon_core.shell:Creating package descriptor '/home/autol/Lidar_Ros_Driver/autol_ros_driver_Release/autol_driver/install/autol_driver/share/autol_driver/package.dsv'
[4.966s] INFO:colcon.colcon_core.shell:Creating package script '/home/autol/Lidar_Ros_Driver/autol_ros_driver_Release/autol_driver/install/autol_driver/share/autol_driver/package.sh'
[4.966s] INFO:colcon.colcon_core.shell:Creating package script '/home/autol/Lidar_Ros_Driver/autol_ros_driver_Release/autol_driver/install/autol_driver/share/autol_driver/package.bash'
[4.966s] INFO:colcon.colcon_core.shell:Creating package script '/home/autol/Lidar_Ros_Driver/autol_ros_driver_Release/autol_driver/install/autol_driver/share/autol_driver/package.zsh'
[4.966s] Level 1:colcon.colcon_core.environment:create_file_with_runtime_dependencies(/home/autol/Lidar_Ros_Driver/autol_ros_driver_Release/autol_driver/install/autol_driver/share/colcon-core/packages/autol_driver)
[4.977s] DEBUG:colcon.colcon_parallel_executor.executor.parallel:closing loop
[4.977s] DEBUG:colcon.colcon_parallel_executor.executor.parallel:loop closed
[4.977s] DEBUG:colcon.colcon_parallel_executor.executor.parallel:run_until_complete finished with '1'
[4.977s] DEBUG:colcon.colcon_core.event_reactor:joining thread
[4.987s] INFO:colcon.colcon_core.plugin_system:Skipping extension 'colcon_notification.desktop_notification.terminal_notifier': Not used on non-Darwin systems
[4.987s] INFO:colcon.colcon_core.plugin_system:Skipping extension 'colcon_notification.desktop_notification.win32': Not used on non-Windows systems
[4.987s] INFO:colcon.colcon_notification.desktop_notification:Sending desktop notification using 'notify2'
[4.996s] DEBUG:colcon.colcon_core.event_reactor:joined thread
[5.006s] INFO:colcon.colcon_core.shell:Creating prefix script '/home/autol/Lidar_Ros_Driver/autol_ros_driver_Release/autol_driver/install/local_setup.ps1'
[5.007s] INFO:colcon.colcon_core.shell:Creating prefix util module '/home/autol/Lidar_Ros_Driver/autol_ros_driver_Release/autol_driver/install/_local_setup_util_ps1.py'
[5.008s] INFO:colcon.colcon_core.shell:Creating prefix chain script '/home/autol/Lidar_Ros_Driver/autol_ros_driver_Release/autol_driver/install/setup.ps1'
[5.019s] INFO:colcon.colcon_core.shell:Creating prefix script '/home/autol/Lidar_Ros_Driver/autol_ros_driver_Release/autol_driver/install/local_setup.sh'
[5.019s] INFO:colcon.colcon_core.shell:Creating prefix util module '/home/autol/Lidar_Ros_Driver/autol_ros_driver_Release/autol_driver/install/_local_setup_util_sh.py'
[5.019s] INFO:colcon.colcon_core.shell:Creating prefix chain script '/home/autol/Lidar_Ros_Driver/autol_ros_driver_Release/autol_driver/install/setup.sh'
[5.026s] INFO:colcon.colcon_core.shell:Creating prefix script '/home/autol/Lidar_Ros_Driver/autol_ros_driver_Release/autol_driver/install/local_setup.bash'
[5.027s] INFO:colcon.colcon_core.shell:Creating prefix chain script '/home/autol/Lidar_Ros_Driver/autol_ros_driver_Release/autol_driver/install/setup.bash'
[5.034s] INFO:colcon.colcon_core.shell:Creating prefix script '/home/autol/Lidar_Ros_Driver/autol_ros_driver_Release/autol_driver/install/local_setup.zsh'
[5.034s] INFO:colcon.colcon_core.shell:Creating prefix chain script '/home/autol/Lidar_Ros_Driver/autol_ros_driver_Release/autol_driver/install/setup.zsh'
